TN:
SF:src/formatter.ts
FN:24,(anonymous_0)
FN:31,(anonymous_1)
FN:49,(anonymous_2)
FN:57,(anonymous_3)
FN:62,(anonymous_4)
FN:82,(anonymous_5)
FN:113,(anonymous_6)
FN:131,(anonymous_7)
FN:155,(anonymous_8)
FN:162,(anonymous_9)
FN:181,(anonymous_10)
FN:212,(anonymous_11)
FN:222,(anonymous_12)
FN:234,(anonymous_13)
FN:240,(anonymous_14)
FN:255,(anonymous_15)
FN:272,(anonymous_16)
FN:283,(anonymous_17)
FN:370,(anonymous_18)
FN:378,(anonymous_19)
FN:382,(anonymous_20)
FN:390,(anonymous_21)
FN:415,(anonymous_22)
FN:428,(anonymous_23)
FNF:24
FNH:9
FNDA:21,(anonymous_0)
FNDA:2,(anonymous_1)
FNDA:1,(anonymous_2)
FNDA:3,(anonymous_3)
FNDA:3,(anonymous_4)
FNDA:0,(anonymous_5)
FNDA:0,(anonymous_6)
FNDA:0,(anonymous_7)
FNDA:1,(anonymous_8)
FNDA:3,(anonymous_9)
FNDA:0,(anonymous_10)
FNDA:0,(anonymous_11)
FNDA:0,(anonymous_12)
FNDA:0,(anonymous_13)
FNDA:0,(anonymous_14)
FNDA:0,(anonymous_15)
FNDA:0,(anonymous_16)
FNDA:0,(anonymous_17)
FNDA:0,(anonymous_18)
FNDA:0,(anonymous_19)
FNDA:0,(anonymous_20)
FNDA:0,(anonymous_21)
FNDA:1,(anonymous_22)
FNDA:1,(anonymous_23)
DA:18,4
DA:25,21
DA:32,2
DA:42,2
DA:43,2
DA:50,1
DA:51,1
DA:53,1
DA:54,1
DA:56,1
DA:57,1
DA:58,3
DA:61,1
DA:62,1
DA:63,3
DA:65,1
DA:66,0
DA:69,1
DA:70,1
DA:71,1
DA:73,1
DA:74,1
DA:76,1
DA:83,0
DA:92,0
DA:94,0
DA:95,0
DA:98,0
DA:99,0
DA:100,0
DA:101,0
DA:103,0
DA:114,0
DA:115,0
DA:117,0
DA:131,0
DA:133,0
DA:137,0
DA:145,0
DA:147,0
DA:148,0
DA:156,1
DA:157,1
DA:159,1
DA:162,3
DA:175,1
DA:182,0
DA:183,0
DA:185,0
DA:186,0
DA:187,0
DA:189,0
DA:191,0
DA:192,0
DA:194,0
DA:195,0
DA:197,0
DA:198,0
DA:201,0
DA:202,0
DA:205,0
DA:213,0
DA:222,0
DA:234,0
DA:240,0
DA:255,0
DA:266,0
DA:273,0
DA:284,0
DA:370,0
DA:378,0
DA:382,0
DA:390,0
DA:409,0
DA:416,1
DA:417,0
DA:419,1
DA:420,1
DA:421,0
DA:429,1
DA:430,0
LF:81
LH:31
BRDA:65,0,0,0
BRDA:92,1,0,0
BRDA:92,1,1,0
BRDA:94,2,0,0
BRDA:98,3,0,0
BRDA:98,3,1,0
BRDA:100,4,0,0
BRDA:100,4,1,0
BRDA:104,5,0,0
BRDA:104,5,1,0
BRDA:133,6,0,0
BRDA:133,6,1,0
BRDA:134,7,0,0
BRDA:134,7,1,0
BRDA:139,8,0,0
BRDA:139,8,1,0
BRDA:147,9,0,0
BRDA:189,10,0,0
BRDA:189,10,1,0
BRDA:189,10,2,0
BRDA:242,11,0,0
BRDA:242,11,1,0
BRDA:258,12,0,0
BRDA:258,12,1,0
BRDA:258,13,0,0
BRDA:258,13,1,0
BRDA:395,14,0,0
BRDA:395,14,1,0
BRDA:396,15,0,0
BRDA:396,15,1,0
BRDA:416,16,0,0
BRDA:420,17,0,0
BRDA:429,18,0,0
BRF:33
BRH:0
end_of_record
TN:
SF:src/index.ts
FN:29,research
FNF:1
FNH:0
FNDA:0,research
DA:39,0
DA:41,0
DA:51,0
DA:53,0
LF:4
LH:0
BRDA:42,0,0,0
BRDA:42,0,1,0
BRDA:42,0,2,0
BRDA:43,1,0,0
BRDA:43,1,1,0
BRDA:44,2,0,0
BRDA:44,2,1,0
BRDA:46,3,0,0
BRDA:46,3,1,0
BRDA:47,4,0,0
BRDA:47,4,1,0
BRDA:48,5,0,0
BRDA:48,5,1,0
BRDA:55,6,0,0
BRDA:55,6,1,0
BRDA:56,7,0,0
BRDA:56,7,1,0
BRDA:57,8,0,0
BRDA:57,8,1,0
BRF:19
BRH:0
end_of_record
TN:
SF:src/orchestrator.ts
FN:25,(anonymous_0)
FN:39,(anonymous_1)
FN:52,(anonymous_2)
FN:79,(anonymous_3)
FN:126,(anonymous_4)
FN:135,(anonymous_5)
FN:138,(anonymous_6)
FN:173,(anonymous_7)
FN:214,(anonymous_8)
FN:265,(anonymous_9)
FN:286,(anonymous_10)
FN:302,(anonymous_11)
FN:307,(anonymous_12)
FN:328,(anonymous_13)
FN:341,(anonymous_14)
FN:349,(anonymous_15)
FNF:16
FNH:2
FNDA:14,(anonymous_0)
FNDA:0,(anonymous_1)
FNDA:0,(anonymous_2)
FNDA:0,(anonymous_3)
FNDA:0,(anonymous_4)
FNDA:0,(anonymous_5)
FNDA:0,(anonymous_6)
FNDA:0,(anonymous_7)
FNDA:0,(anonymous_8)
FNDA:0,(anonymous_9)
FNDA:0,(anonymous_10)
FNDA:0,(anonymous_11)
FNDA:0,(anonymous_12)
FNDA:0,(anonymous_13)
FNDA:0,(anonymous_14)
FNDA:6,(anonymous_15)
DA:26,14
DA:27,14
DA:28,14
DA:40,0
DA:41,0
DA:42,0
DA:45,0
DA:46,0
DA:47,0
DA:50,0
DA:51,0
DA:52,0
DA:55,0
DA:56,0
DA:57,0
DA:60,0
DA:61,0
DA:62,0
DA:65,0
DA:66,0
DA:68,0
DA:71,0
DA:72,0
DA:80,0
DA:105,0
DA:114,0
DA:115,0
DA:116,0
DA:117,0
DA:120,0
DA:127,0
DA:129,0
DA:135,0
DA:138,0
DA:149,0
DA:166,0
DA:167,0
DA:174,0
DA:176,0
DA:191,0
DA:207,0
DA:208,0
DA:219,0
DA:221,0
DA:242,0
DA:258,0
DA:259,0
DA:267,0
DA:269,0
DA:270,0
DA:280,0
DA:288,0
DA:307,0
DA:309,0
DA:329,0
DA:335,0
DA:342,0
DA:343,0
DA:350,6
LF:59
LH:4
BRDA:84,0,0,0
BRDA:84,0,1,0
BRDA:85,1,0,0
BRDA:85,1,1,0
BRDA:86,2,0,0
BRDA:86,2,1,0
BRDA:114,3,0,0
BRDA:114,3,1,0
BRDA:116,4,0,0
BRDA:166,5,0,0
BRDA:166,5,1,0
BRDA:207,6,0,0
BRDA:207,6,1,0
BRDA:258,7,0,0
BRDA:258,7,1,0
BRF:15
BRH:0
end_of_record
TN:
SF:src/voice.ts
FN:21,(anonymous_0)
FN:35,(anonymous_1)
FN:42,(anonymous_2)
FN:84,(anonymous_3)
FN:129,(anonymous_4)
FN:202,(anonymous_5)
FN:214,(anonymous_6)
FN:226,(anonymous_7)
FN:233,(anonymous_8)
FNF:9
FNH:3
FNDA:11,(anonymous_0)
FNDA:6,(anonymous_1)
FNDA:0,(anonymous_2)
FNDA:0,(anonymous_3)
FNDA:0,(anonymous_4)
FNDA:0,(anonymous_5)
FNDA:0,(anonymous_6)
FNDA:4,(anonymous_7)
FNDA:0,(anonymous_8)
DA:18,11
DA:22,11
DA:23,11
DA:25,11
DA:26,10
DA:36,6
DA:43,0
DA:44,0
DA:47,0
DA:48,0
DA:50,0
DA:51,0
DA:53,0
DA:55,0
DA:62,0
DA:63,0
DA:65,0
DA:72,0
DA:73,0
DA:76,0
DA:77,0
DA:85,0
DA:86,0
DA:89,0
DA:90,0
DA:91,0
DA:94,0
DA:96,0
DA:97,0
DA:98,0
DA:100,0
DA:107,0
DA:109,0
DA:116,0
DA:117,0
DA:120,0
DA:121,0
DA:135,0
DA:137,0
DA:160,0
DA:162,0
DA:164,0
DA:166,0
DA:167,0
DA:168,0
DA:172,0
DA:173,0
DA:176,0
DA:183,0
DA:186,0
DA:187,0
DA:188,0
DA:192,0
DA:193,0
DA:194,0
DA:196,0
DA:203,0
DA:204,0
DA:207,0
DA:208,0
DA:215,0
DA:216,0
DA:219,0
DA:220,0
DA:227,4
DA:234,0
DA:235,0
DA:237,0
DA:238,0
DA:240,0
DA:242,0
LF:71
LH:7
BRDA:25,0,0,10
BRDA:36,1,0,6
BRDA:36,1,1,4
BRDA:43,2,0,0
BRDA:50,3,0,0
BRDA:50,3,1,0
BRDA:85,4,0,0
BRDA:90,5,0,0
BRDA:107,6,0,0
BRDA:107,6,1,0
BRDA:192,7,0,0
BRDA:192,7,1,0
BRDA:203,8,0,0
BRDA:215,9,0,0
BRF:14
BRH:3
end_of_record
